
━━━━━━━━━━━━━━━━━━━━━━━━━━━━━━━━━━━━━━━━━━ US (Firm) ━━━━━━━━━━━━━━━━━━━━━━━━━━━━━━━━━━━━━━━━━━
  [Sim] 50 MC years × 9261 scenarios (21³ grid, C_sol 0–18.0×, C_win 0–18.0×, B 0–60.0h) …
  [Sim] Done.

══════════════════════════════════════════════════════════════════════════════════════════════════════
  DATACENTER POWER COST — US (Firm)  |  ρ(sol,wind)=0.00
  Simulated CF:  Solar=0.153   Wind=0.225
  Grid+RE PPA reference (on-grid alt., $/MWh):  2025:$75  2028:$62  2030:$57  2035:$48  2040:$42
══════════════════════════════════════════════════════════════════════════════════════════════════════

  RE target: 70% of served energy  |  Gas ≤30% of served
  Year     Optimal     P10     P90      Gas    SMR  vs Gas   C_sol C_win  B(h)  Shed
  ──────────────────────────────────────────────────────────────────────────────────────────────
  2025  $   88.5   $ 81.7  $ 95.4   $  46.1  $120.0    +92.2%    3.6×   2.1×    3h  0.0%
  2028  $   74.7   $ 70.0  $ 79.9   $  46.1  $109.5    +62.3%    4.0×   1.8×    3h  0.0%
  2030  $   68.3   $ 64.0  $ 72.1   $  46.1  $102.5    +48.2%    4.0×   1.8×    3h  0.0%
  2035  $   57.0   $ 54.5  $ 60.8   $  46.1  $85.0    +23.8%    4.0×   1.8×    3h  0.0%
  2040  $   49.1   $ 46.1  $ 51.8   $  46.1  $85.0     +6.5%    5.1×   0.9×    5h  0.0%

  RE target: 80% of served energy  |  Gas ≤20% of served
  Year     Optimal     P10     P90      Gas    SMR  vs Gas   C_sol C_win  B(h)  Shed
  ──────────────────────────────────────────────────────────────────────────────────────────────
  2025  $  105.5   $ 94.7  $113.9   $  46.1  $120.0   +129.0%    5.2×   2.1×    6h  0.0%
  2028  $   85.1   $ 79.1  $ 93.2   $  46.1  $109.5    +84.8%    5.4×   1.9×    6h  0.0%
  2030  $   76.1   $ 69.4  $ 83.0   $  46.1  $102.5    +65.1%    5.7×   1.8×    6h  0.0%
  2035  $   60.0   $ 56.0  $ 64.3   $  46.1  $85.0    +30.4%    5.7×   1.8×    6h  0.0%
  2040  $   49.5   $ 46.4  $ 53.4   $  46.1  $85.0     +7.5%    5.7×   1.8×    6h  0.0%

  RE target: 85% of served energy  |  Gas ≤15% of served
  Year     Optimal     P10     P90      Gas    SMR  vs Gas   C_sol C_win  B(h)  Shed
  ──────────────────────────────────────────────────────────────────────────────────────────────
  2025  $  124.2   $111.6  $133.6   $  46.1  $120.0   +169.7%    6.0×   3.6×    6h  0.0%
  2028  $  101.0   $ 89.5  $108.5   $  46.1  $109.5   +119.2%    6.3×   3.4×    6h  0.0%
  2030  $   90.3   $ 81.2  $ 99.1   $  46.1  $102.5    +96.0%    6.3×   3.4×    6h  0.0%
  2035  $   70.9   $ 64.9  $ 78.0   $  46.1  $85.0    +54.0%    7.2×   3.0×    6h  0.0%
  2040  $   57.6   $ 52.7  $ 62.2   $  46.1  $85.0    +25.0%    8.0×   2.7×    6h  0.0%

  RE target: 90% of served energy  |  Gas ≤10% of served
  Year     Optimal     P10     P90      Gas    SMR  vs Gas   C_sol C_win  B(h)  Shed
  ──────────────────────────────────────────────────────────────────────────────────────────────
  2025  $  176.9   $158.2  $198.6   $  46.1  $120.0   +284.0%    7.3×   8.1×    6h  0.0%
  2028  $  150.7   $132.6  $167.0   $  46.1  $109.5   +227.2%    8.1×   8.1×    6h  0.0%
  2030  $  137.8   $120.8  $154.9   $  46.1  $102.5   +199.1%    8.6×   8.1×    6h  0.0%
  2035  $  109.9   $ 97.3  $119.4   $  46.1  $85.0   +138.7%    9.0×   7.9×    6h  0.0%
  2040  $   90.3   $ 81.0  $ 99.3   $  46.1  $85.0    +96.0%    9.9×   7.6×    6h  0.0%

  RE target: 95% of served energy  |  Gas ≤5% of served
  Year     Optimal     P10     P90      Gas    SMR  vs Gas   C_sol C_win  B(h)  Shed
  ──────────────────────────────────────────────────────────────────────────────────────────────
  2025  $  192.9   $172.3  $216.5   $  46.1  $120.0   +318.9%    8.1×   9.2×    6h  0.0%
  2028  $  171.0   $150.1  $186.3   $  46.1  $109.5   +271.4%    9.0×   9.9×    6h  0.0%
  2030  $  154.9   $138.9  $171.5   $  46.1  $102.5   +236.4%    9.0×   9.9×    6h  0.0%
  2035  $  133.0   $115.5  $147.1   $  46.1  $85.0   +188.9%    9.9×  10.8×    6h  0.0%
  2040  $  117.6   $ 99.4  $131.3   $  46.1  $85.0   +155.3%   10.8×  11.7×    6h  0.0%

══════════════════════════════════════════════════════════════════════════════════════════════════════

  [Export] wrote output/us_firm_results.csv and output/us_firm_results.json

━━━━━━━━━━━━━━━━━━━━━━━━━━━━━━━━━━━━━━━━━━ Europe (Firm) ━━━━━━━━━━━━━━━━━━━━━━━━━━━━━━━━━━━━━━━━━━
  [Sim] 50 MC years × 9261 scenarios (21³ grid, C_sol 0–22.0×, C_win 0–20.0×, B 0–60.0h) …
  [Sim] Done.

══════════════════════════════════════════════════════════════════════════════════════════════════════
  DATACENTER POWER COST — Europe (Firm)  |  ρ(sol,wind)=-0.35
  Simulated CF:  Solar=0.105   Wind=0.185
  Grid+RE PPA reference (on-grid alt., $/MWh):  2025:$117  2028:$97  2030:$88  2035:$73  2040:$64
══════════════════════════════════════════════════════════════════════════════════════════════════════

  RE target: 70% of served energy  |  Gas ≤30% of served
  Year     Optimal     P10     P90      Gas    SMR  vs Gas   C_sol C_win  B(h)  Shed
  ──────────────────────────────────────────────────────────────────────────────────────────────
  2025  $  114.2   $106.8  $121.9   $ 113.8  $140.0     +0.4%    4.7×   3.0×    3h  0.0%
  2028  $  100.8   $ 95.7  $106.4   $ 118.9  $126.2    -15.2%    5.5×   2.5×    3h  0.0%
  2030  $   95.7   $ 91.3  $ 99.9   $ 125.2  $117.1    -23.5%    5.5×   2.5×    3h  0.0%
  2035  $   87.9   $ 84.7  $ 92.1   $ 148.3  $94.2    -40.7%    7.7×   2.0×    6h  0.0%
  2040  $   79.8   $ 75.7  $ 83.7   $ 162.6  $85.0    -50.9%    8.8×   2.0×    6h  0.0%

  RE target: 80% of served energy  |  Gas ≤20% of served
  Year     Optimal     P10     P90      Gas    SMR  vs Gas   C_sol C_win  B(h)  Shed
  ──────────────────────────────────────────────────────────────────────────────────────────────
  2025  $  130.5   $119.8  $141.4   $ 113.8  $140.0    +14.7%    6.5×   3.4×    6h  0.0%
  2028  $  110.0   $103.6  $118.4   $ 118.9  $126.2     -7.5%    6.9×   3.0×    6h  0.0%
  2030  $  101.6   $ 94.2  $109.1   $ 125.2  $117.1    -18.9%    7.6×   2.7×    6h  0.0%
  2035  $   88.8   $ 84.3  $ 93.4   $ 148.3  $94.2    -40.1%    8.7×   2.2×    6h  0.0%
  2040  $   80.0   $ 76.7  $ 84.2   $ 162.6  $85.0    -50.8%    8.7×   2.2×    6h  0.0%

  RE target: 85% of served energy  |  Gas ≤15% of served
  Year     Optimal     P10     P90      Gas    SMR  vs Gas   C_sol C_win  B(h)  Shed
  ──────────────────────────────────────────────────────────────────────────────────────────────
  2025  $  148.2   $134.5  $158.4   $ 113.8  $140.0    +30.2%    8.4×   5.0×    6h  0.0%
  2028  $  124.1   $111.5  $132.4   $ 118.9  $126.2     +4.4%    8.8×   4.8×    6h  0.0%
  2030  $  114.0   $103.8  $123.4   $ 125.2  $117.1     -9.0%    8.8×   4.7×    6h  0.0%
  2035  $   98.0   $ 91.5  $105.7   $ 148.3  $94.2    -33.9%    9.9×   4.2×    6h  0.0%
  2040  $   86.9   $ 81.6  $ 92.1   $ 162.6  $85.0    -46.6%   10.5×   4.0×    6h  0.0%

  RE target: 90% of served energy  |  Gas ≤10% of served
  Year     Optimal     P10     P90      Gas    SMR  vs Gas   C_sol C_win  B(h)  Shed
  ──────────────────────────────────────────────────────────────────────────────────────────────
  2025  $  196.6   $177.4  $218.9   $ 113.8  $140.0    +72.8%   11.0×  10.0×    6h  0.0%
  2028  $  171.2   $152.1  $189.2   $ 118.9  $126.2    +44.0%   11.0×  11.0×    6h  0.0%
  2030  $  159.6   $141.1  $177.9   $ 125.2  $117.1    +27.5%   12.1×  11.0×    6h  0.0%
  2035  $  138.9   $124.7  $150.1   $ 148.3  $94.2     -6.3%   13.2×  11.7×    6h  0.0%
  2040  $  119.0   $108.1  $129.5   $ 162.6  $85.0    -26.8%   14.3×  11.3×    6h  0.0%

  RE target: 95% of served energy  |  Gas ≤5% of served
  Year     Optimal     P10     P90      Gas    SMR  vs Gas   C_sol C_win  B(h)  Shed
  ──────────────────────────────────────────────────────────────────────────────────────────────
  2025  $  215.0   $192.7  $240.1   $ 113.8  $140.0    +89.0%   11.0×  12.5×    6h  0.0%
  2028  $  188.9   $167.0  $205.2   $ 118.9  $126.2    +58.9%   12.1×  13.0×    6h  0.0%
  2030  $  174.1   $157.2  $191.7   $ 125.2  $117.1    +39.1%   12.1×  13.3×    6h  0.0%
  2035  $  156.6   $137.5  $172.1   $ 148.3  $94.2     +5.6%   13.2×  14.9×    6h  0.0%
  2040  $  140.5   $120.9  $155.3   $ 162.6  $85.0    -13.6%   14.3×  16.0×    6h  0.0%

══════════════════════════════════════════════════════════════════════════════════════════════════════

  [Export] wrote output/eu_firm_results.csv and output/eu_firm_results.json

Done — figures saved in figs/
