
━━━━━━━━━━━━━━━━━━━━━━━━━━━━━━━━━━━━━━━━━━ US (Firm) ━━━━━━━━━━━━━━━━━━━━━━━━━━━━━━━━━━━━━━━━━━
  [Sim] 50 MC years × 9261 scenarios (21³ grid, C_sol 0–18.0×, C_win 0–18.0×, B 0–60.0h) …
  [Sim] Done.

══════════════════════════════════════════════════════════════════════════════════════════════════════
  DATACENTER POWER COST — US (Firm)  |  ρ(sol,wind)=0.00
  Simulated CF:  Solar=0.153   Wind=0.225
  Grid+RE PPA reference (on-grid alt., $/MWh):  2025:$75  2028:$62  2030:$57  2035:$48  2040:$42
  Grid 24/7 CFE reference (hourly clean, $/MWh): 2025:$115  2028:$102  2030:$97  2035:$88  2040:$82
══════════════════════════════════════════════════════════════════════════════════════════════════════

  RE target: 70% of served energy  |  Gas ≤30% of served
  Year     Optimal     P10     P90      Gas    SMR  vs Gas   C_sol C_win  B(h)  Shed
  ──────────────────────────────────────────────────────────────────────────────────────────────
  2025  $   79.2   $ 72.5  $ 85.9   $  46.1  $120.0    +72.0%    3.6×   1.8×    4h  0.0%
  2028  $   67.4   $ 62.9  $ 72.0   $  46.1  $109.5    +46.3%    3.6×   1.8×    4h  0.0%
  2030  $   61.9   $ 57.6  $ 65.2   $  46.1  $102.5    +34.3%    4.5×   0.9×    6h  0.0%
  2035  $   51.1   $ 49.0  $ 53.9   $  46.1  $85.0    +11.0%    4.5×   0.9×    6h  0.0%
  2040  $   44.2   $ 41.7  $ 46.7   $  46.1  $85.0     -4.1%    4.5×   0.9×    6h  0.0%

  RE target: 80% of served energy  |  Gas ≤20% of served
  Year     Optimal     P10     P90      Gas    SMR  vs Gas   C_sol C_win  B(h)  Shed
  ──────────────────────────────────────────────────────────────────────────────────────────────
  2025  $   91.1   $ 81.7  $101.0   $  46.1  $120.0    +97.9%    4.6×   2.5×    6h  0.0%
  2028  $   74.3   $ 68.6  $ 81.1   $  46.1  $109.5    +61.4%    5.4×   1.9×    6h  0.0%
  2030  $   66.6   $ 60.3  $ 73.7   $  46.1  $102.5    +44.7%    5.5×   1.9×    6h  0.0%
  2035  $   53.1   $ 49.2  $ 57.1   $  46.1  $85.0    +15.3%    5.7×   1.8×    6h  0.0%
  2040  $   44.2   $ 41.4  $ 47.8   $  46.1  $85.0     -4.0%    5.7×   1.8×    6h  0.0%

  RE target: 85% of served energy  |  Gas ≤15% of served
  Year     Optimal     P10     P90      Gas    SMR  vs Gas   C_sol C_win  B(h)  Shed
  ──────────────────────────────────────────────────────────────────────────────────────────────
  2025  $  110.0   $ 98.4  $118.3   $  46.1  $120.0   +138.8%    6.0×   3.6×    6h  0.0%
  2028  $   90.1   $ 79.7  $ 97.4   $  46.1  $109.5    +95.7%    6.3×   3.4×    6h  0.0%
  2030  $   80.9   $ 71.8  $ 89.1   $  46.1  $102.5    +75.6%    6.3×   3.4×    6h  0.0%
  2035  $   64.0   $ 58.7  $ 70.8   $  46.1  $85.0    +39.0%    7.2×   3.0×    6h  0.0%
  2040  $   52.3   $ 48.3  $ 57.0   $  46.1  $85.0    +13.6%    8.0×   2.7×    6h  0.0%

  RE target: 90% of served energy  |  Gas ≤10% of served
  Year     Optimal     P10     P90      Gas    SMR  vs Gas   C_sol C_win  B(h)  Shed
  ──────────────────────────────────────────────────────────────────────────────────────────────
  2025  $  161.8   $142.3  $184.5   $  46.1  $120.0   +251.4%    7.2×   8.1×    6h  0.0%
  2028  $  139.9   $123.2  $157.7   $  46.1  $109.5   +203.8%    8.1×   8.1×    6h  0.0%
  2030  $  128.4   $110.8  $143.9   $  46.1  $102.5   +178.9%    8.6×   8.1×    6h  0.0%
  2035  $  103.0   $ 91.1  $112.3   $  46.1  $85.0   +123.6%    9.0×   7.9×    6h  0.0%
  2040  $   85.0   $ 75.7  $ 93.9   $  46.1  $85.0    +84.6%    9.9×   7.6×    6h  0.0%

  RE target: 95% of served energy  |  Gas ≤5% of served
  Year     Optimal     P10     P90      Gas    SMR  vs Gas   C_sol C_win  B(h)  Shed
  ──────────────────────────────────────────────────────────────────────────────────────────────
  2025  $  178.4   $157.0  $200.5   $  46.1  $120.0   +287.4%    8.1×   9.1×    6h  0.0%
  2028  $  160.4   $137.4  $176.1   $  46.1  $109.5   +248.3%    9.0×   9.9×    6h  0.0%
  2030  $  145.3   $130.0  $162.1   $  46.1  $102.5   +215.5%    9.0×   9.9×    6h  0.0%
  2035  $  126.2   $108.5  $141.3   $  46.1  $85.0   +174.0%    9.9×  10.8×    6h  0.0%
  2040  $  112.2   $ 93.9  $126.0   $  46.1  $85.0   +143.6%   10.8×  11.7×    6h  0.0%

══════════════════════════════════════════════════════════════════════════════════════════════════════

  [Export] wrote output/us_firm_results.csv and output/us_firm_results.json

━━━━━━━━━━━━━━━━━━━━━━━━━━━━━━━━━━━━━━━━━━ Europe (Firm) ━━━━━━━━━━━━━━━━━━━━━━━━━━━━━━━━━━━━━━━━━━
  [Sim] 50 MC years × 9261 scenarios (21³ grid, C_sol 0–22.0×, C_win 0–20.0×, B 0–60.0h) …
  [Sim] Done.

══════════════════════════════════════════════════════════════════════════════════════════════════════
  DATACENTER POWER COST — Europe (Firm)  |  ρ(sol,wind)=-0.35
  Simulated CF:  Solar=0.105   Wind=0.185
  Grid+RE PPA reference (on-grid alt., $/MWh):  2025:$117  2028:$97  2030:$88  2035:$73  2040:$64
  Grid 24/7 CFE reference (hourly clean, $/MWh): 2025:$172  2028:$152  2030:$143  2035:$128  2040:$119
══════════════════════════════════════════════════════════════════════════════════════════════════════

  RE target: 70% of served energy  |  Gas ≤30% of served
  Year     Optimal     P10     P90      Gas    SMR  vs Gas   C_sol C_win  B(h)  Shed
  ──────────────────────────────────────────────────────────────────────────────────────────────
  2025  $  104.2   $ 97.0  $110.6   $ 113.8  $140.0     -8.4%    5.2×   2.0×    5h  0.0%
  2028  $   92.4   $ 87.6  $ 96.9   $ 118.9  $126.2    -22.3%    5.2×   2.0×    5h  0.0%
  2030  $   87.9   $ 83.4  $ 91.7   $ 125.2  $117.1    -29.8%    5.5×   2.0×    6h  0.0%
  2035  $   80.8   $ 78.0  $ 84.8   $ 148.3  $94.2    -45.5%    7.7×   2.0×    6h  0.0%
  2040  $   74.4   $ 70.9  $ 77.5   $ 162.6  $85.0    -54.2%    8.8×   2.0×    6h  0.0%

  RE target: 80% of served energy  |  Gas ≤20% of served
  Year     Optimal     P10     P90      Gas    SMR  vs Gas   C_sol C_win  B(h)  Shed
  ──────────────────────────────────────────────────────────────────────────────────────────────
  2025  $  115.4   $105.1  $125.5   $ 113.8  $140.0     +1.4%    6.8×   3.1×    6h  0.0%
  2028  $   98.8   $ 92.1  $106.4   $ 118.9  $126.2    -16.9%    6.9×   3.0×    6h  0.0%
  2030  $   92.1   $ 85.1  $100.1   $ 125.2  $117.1    -26.4%    6.9×   3.0×    6h  0.0%
  2035  $   81.8   $ 77.6  $ 86.0   $ 148.3  $94.2    -44.8%    8.5×   2.3×    6h  0.0%
  2040  $   74.5   $ 71.4  $ 78.4   $ 162.6  $85.0    -54.1%    8.9×   2.1×    6h  0.0%

  RE target: 85% of served energy  |  Gas ≤15% of served
  Year     Optimal     P10     P90      Gas    SMR  vs Gas   C_sol C_win  B(h)  Shed
  ──────────────────────────────────────────────────────────────────────────────────────────────
  2025  $  133.6   $120.9  $143.0   $ 113.8  $140.0    +17.5%    8.4×   5.0×    6h  0.0%
  2028  $  113.0   $101.6  $121.1   $ 118.9  $126.2     -4.9%    8.8×   4.8×    6h  0.0%
  2030  $  104.3   $ 94.4  $113.4   $ 125.2  $117.1    -16.7%    8.8×   4.7×    6h  0.0%
  2035  $   90.9   $ 85.0  $ 98.4   $ 148.3  $94.2    -38.7%    9.9×   4.2×    6h  0.0%
  2040  $   81.5   $ 77.0  $ 86.6   $ 162.6  $85.0    -49.9%   10.5×   4.0×    6h  0.0%

  RE target: 90% of served energy  |  Gas ≤10% of served
  Year     Optimal     P10     P90      Gas    SMR  vs Gas   C_sol C_win  B(h)  Shed
  ──────────────────────────────────────────────────────────────────────────────────────────────
  2025  $  181.7   $162.1  $204.2   $ 113.8  $140.0    +59.8%   10.9×  10.0×    6h  0.0%
  2028  $  160.1   $142.3  $179.2   $ 118.9  $126.2    +34.7%   11.0×  11.0×    6h  0.0%
  2030  $  150.1   $130.5  $167.0   $ 125.2  $117.1    +19.9%   12.1×  11.0×    6h  0.0%
  2035  $  131.8   $118.1  $142.9   $ 148.3  $94.2    -11.1%   13.2×  11.7×    6h  0.0%
  2040  $  113.6   $102.3  $124.0   $ 162.6  $85.0    -30.1%   13.8×  11.5×    6h  0.0%

  RE target: 95% of served energy  |  Gas ≤5% of served
  Year     Optimal     P10     P90      Gas    SMR  vs Gas   C_sol C_win  B(h)  Shed
  ──────────────────────────────────────────────────────────────────────────────────────────────
  2025  $  199.9   $177.2  $223.4   $ 113.8  $140.0    +75.8%   11.0×  12.4×    6h  0.0%
  2028  $  177.8   $153.9  $194.6   $ 118.9  $126.2    +49.6%   12.1×  13.0×    6h  0.0%
  2030  $  164.7   $148.4  $182.5   $ 125.2  $117.1    +31.6%   12.1×  13.3×    6h  0.0%
  2035  $  149.6   $130.3  $166.2   $ 148.3  $94.2     +0.9%   13.2×  15.0×    6h  0.0%
  2040  $  135.0   $115.2  $149.9   $ 162.6  $85.0    -16.9%   14.3×  16.0×    6h  0.0%

══════════════════════════════════════════════════════════════════════════════════════════════════════

  [Export] wrote output/eu_firm_results.csv and output/eu_firm_results.json

Done — figures saved in figs/
